f:\vsproject\dnfhelper\dnfhelper\debug\cscapi.pch
f:\vsproject\dnfhelper\dnfhelper\debug\vc141.pdb
f:\vsproject\dnfhelper\dnfhelper\debug\vc141.idb
f:\vsproject\dnfhelper\dnfhelper\debug\call.obj
f:\vsproject\dnfhelper\dnfhelper\debug\dllmain.obj
f:\vsproject\dnfhelper\dnfhelper\debug\ldr断链 清除pe.obj
f:\vsproject\dnfhelper\dnfhelper\debug\stdafx.obj
f:\vsproject\dnfhelper\dnfhelper\debug\全屏.obj
f:\vsproject\dnfhelper\dnfhelper\debug\公告.obj
f:\vsproject\dnfhelper\dnfhelper\debug\内存读写.obj
f:\vsproject\dnfhelper\dnfhelper\debug\判断.obj
f:\vsproject\dnfhelper\dnfhelper\debug\剧情.obj
f:\vsproject\dnfhelper\dnfhelper\debug\加密解密.obj
f:\vsproject\dnfhelper\dnfhelper\debug\召唤人偶怪物.obj
f:\vsproject\dnfhelper\dnfhelper\debug\常用功能.obj
f:\vsproject\dnfhelper\dnfhelper\debug\微调buff.obj
f:\vsproject\dnfhelper\dnfhelper\debug\检测.obj
f:\vsproject\dnfhelper\dnfhelper\debug\激活.obj
f:\vsproject\dnfhelper\dnfhelper\debug\符咒.obj
f:\vsproject\dnfhelper\dnfhelper\debug\组包.obj
f:\vsproject\dnfhelper\dnfhelper\debug\自动.obj
f:\vsproject\dnfhelper\dnfhelper\debug\超级技能.obj
f:\vsproject\dnfhelper\dnfhelper\debug\dnfhelper.tlog\cl.command.1.tlog
f:\vsproject\dnfhelper\dnfhelper\debug\dnfhelper.tlog\cl.read.1.tlog
f:\vsproject\dnfhelper\dnfhelper\debug\dnfhelper.tlog\cl.write.1.tlog
