  CALL.cpp
  dllmain.cpp
  LDR断链 清除PE.cpp
  stdafx.cpp
  全屏.cpp
  公告.cpp
  内存读写.cpp
  判断.cpp
  剧情.cpp
  加密解密.cpp
  召唤人偶怪物.cpp
  常用函数.cpp
  常用功能.cpp
  微调buff.cpp
  检测.cpp
  激活.cpp
  符咒.cpp
  组包.cpp
  自动.cpp
  超级技能.cpp
F:\Visual Studio\Common7\IDE\VC\VCTargets\Microsoft.CppBuild.targets(1216,5): warning MSB8012: TargetPath(F:\vsproject\DNFHelper\Debug\cscapi.dll) 与 Linker 的 OutputFile 属性值(C:\Users\Administrator\Desktop\cscapi.dll)不匹配。这可能导致项目生成不正确。若要更正此问题，请确保 $(OutDir)、$(TargetName) 和 $(TargetExt) 属性值与 %(Link.OutputFile) 中指定的值匹配。
    正在创建库 F:\vsproject\DNFHelper\Debug\cscapi.lib 和对象 F:\vsproject\DNFHelper\Debug\cscapi.exp
  DNFHelper.vcxproj -> F:\vsproject\DNFHelper\Debug\cscapi.dll
