  CALL.cpp
f:\vsproject\dnfhelper\dnfhelper\call.cpp(1): fatal error C1083: 无法打开预编译头文件: “x64\Debug\DNFHelper.pch”: No such file or directory
  dllmain.cpp
f:\vsproject\dnfhelper\dnfhelper\dllmain.cpp(2): fatal error C1083: 无法打开预编译头文件: “x64\Debug\DNFHelper.pch”: No such file or directory
  LDR断链 清除PE.cpp
f:\vsproject\dnfhelper\dnfhelper\ldr断链 清除pe.cpp(7): fatal error C1083: 无法打开预编译头文件: “x64\Debug\DNFHelper.pch”: No such file or directory
  stdafx.cpp
f:\vsproject\dnfhelper\dnfhelper\stdafx.cpp(5): fatal error C1083: 无法打开预编译头文件: “x64\Debug\DNFHelper.pch”: No such file or directory
  全屏.cpp
f:\vsproject\dnfhelper\dnfhelper\全屏.cpp(1): fatal error C1083: 无法打开预编译头文件: “x64\Debug\DNFHelper.pch”: No such file or directory
  公告.cpp
f:\vsproject\dnfhelper\dnfhelper\公告.cpp(1): fatal error C1083: 无法打开预编译头文件: “x64\Debug\DNFHelper.pch”: No such file or directory
  内存读写.cpp
f:\vsproject\dnfhelper\dnfhelper\内存读写.cpp(1): fatal error C1083: 无法打开预编译头文件: “x64\Debug\DNFHelper.pch”: No such file or directory
  判断.cpp
f:\vsproject\dnfhelper\dnfhelper\判断.cpp(1): fatal error C1083: 无法打开预编译头文件: “x64\Debug\DNFHelper.pch”: No such file or directory
  剧情.cpp
f:\vsproject\dnfhelper\dnfhelper\剧情.cpp(1): fatal error C1083: 无法打开预编译头文件: “x64\Debug\DNFHelper.pch”: No such file or directory
  加密解密.cpp
f:\vsproject\dnfhelper\dnfhelper\加密解密.cpp(1): fatal error C1083: 无法打开预编译头文件: “x64\Debug\DNFHelper.pch”: No such file or directory
  召唤人偶怪物.cpp
f:\vsproject\dnfhelper\dnfhelper\召唤人偶怪物.cpp(1): fatal error C1083: 无法打开预编译头文件: “x64\Debug\DNFHelper.pch”: No such file or directory
  常用函数.cpp
f:\vsproject\dnfhelper\dnfhelper\常用函数.cpp(1): fatal error C1083: 无法打开预编译头文件: “x64\Debug\DNFHelper.pch”: No such file or directory
  常用功能.cpp
f:\vsproject\dnfhelper\dnfhelper\常用功能.cpp(1): fatal error C1083: 无法打开预编译头文件: “x64\Debug\DNFHelper.pch”: No such file or directory
  微调buff.cpp
f:\vsproject\dnfhelper\dnfhelper\微调buff.cpp(1): fatal error C1083: 无法打开预编译头文件: “x64\Debug\DNFHelper.pch”: No such file or directory
  检测.cpp
f:\vsproject\dnfhelper\dnfhelper\检测.cpp(1): fatal error C1083: 无法打开预编译头文件: “x64\Debug\DNFHelper.pch”: No such file or directory
  激活.cpp
f:\vsproject\dnfhelper\dnfhelper\激活.cpp(1): fatal error C1083: 无法打开预编译头文件: “x64\Debug\DNFHelper.pch”: No such file or directory
  符咒.cpp
f:\vsproject\dnfhelper\dnfhelper\符咒.cpp(1): fatal error C1083: 无法打开预编译头文件: “x64\Debug\DNFHelper.pch”: No such file or directory
  组包.cpp
f:\vsproject\dnfhelper\dnfhelper\组包.cpp(1): fatal error C1083: 无法打开预编译头文件: “x64\Debug\DNFHelper.pch”: No such file or directory
  自动.cpp
f:\vsproject\dnfhelper\dnfhelper\自动.cpp(1): fatal error C1083: 无法打开预编译头文件: “x64\Debug\DNFHelper.pch”: No such file or directory
  超级技能.cpp
f:\vsproject\dnfhelper\dnfhelper\超级技能.cpp(1): fatal error C1083: 无法打开预编译头文件: “x64\Debug\DNFHelper.pch”: No such file or directory
  正在生成代码...
